<?xml version="1.0" encoding="UTF-8"?>
<!-- Generated by org.testng.reporters.JUnitReportReporter -->
<testsuite skipped="0" hostname="venkateshs-MacBook-Pro-2.local" name="com.test.FactorialTest" tests="4" failures="0" timestamp="20 Oct 2016 16:26:59 GMT" time="0.059" errors="0">
  <testcase name="method2" time="0.008" classname="com.test.FactorialTest"/>
  <testcase name="method3" time="0.010" classname="com.test.FactorialTest"/>
  <testcase name="method1" time="0.035" classname="com.test.FactorialTest"/>
  <testcase name="method4" time="0.006" classname="com.test.FactorialTest"/>
</testsuite> <!-- com.test.FactorialTest -->
