<?xml version="1.0" encoding="UTF-8"?>
<!-- Generated by org.testng.reporters.JUnitReportReporter -->
<testsuite skipped="0" hostname="venkateshs-MacBook-Pro-2.local" name="com.test.ReverseStringTest" tests="3" failures="0" timestamp="20 Oct 2016 04:17:21 GMT" time="0.033" errors="0">
  <testcase name="method3" time="0.002" classname="com.test.ReverseStringTest"/>
  <testcase name="method1" time="0.029" classname="com.test.ReverseStringTest"/>
  <testcase name="method2" time="0.002" classname="com.test.ReverseStringTest"/>
</testsuite> <!-- com.test.ReverseStringTest -->
